app is running at port 3000
app is running at port 3000
抱歉，您还没有登录!
登录
注册
格式验证错误
注册
app is running at port 3000
抱歉，您还没有登录!
登录
登录成功
发布
文章发表成功!
发布
文章发表成功!
发布
文章发表成功!
发布
文章发表成功!
发布
文章发表成功!
发布
文章发表成功!
发布
文章发表成功!
发布
文章发表成功!
发布
文章发表成功!
发布
文章发表成功!
发布
文章发表成功!
发布
TypeError: Cannot read property 'username' of undefined
    at app.get.Note.findOne._id (/root/hw/note/index.js:244:29)
    at Layer.handle [as handle_request] (/root/hw/note/node_modules/express/lib/router/layer.js:95:5)
    at next (/root/hw/note/node_modules/express/lib/router/route.js:131:13)
    at Route.dispatch (/root/hw/note/node_modules/express/lib/router/route.js:112:3)
    at Layer.handle [as handle_request] (/root/hw/note/node_modules/express/lib/router/layer.js:95:5)
    at /root/hw/note/node_modules/express/lib/router/index.js:277:22
    at Function.process_params (/root/hw/note/node_modules/express/lib/router/index.js:330:12)
    at next (/root/hw/note/node_modules/express/lib/router/index.js:271:10)
    at Object.<anonymous> (/root/hw/note/node_modules/express-session/index.js:432:7)
    at Object.immediate._onImmediate (timers.js:348:16)
    at processImmediate [as _immediateCallback] (timers.js:330:15)
抱歉，您还没有登录!
登录
登录成功
发布
文章发表成功!
发布
文章发表成功!
抱歉，您还没有登录!
登录
登录
抱歉，您还没有登录!
登录
抱歉，您还没有登录!
登录
登录
抱歉，您还没有登录!
登录
注册
格式验证错误
注册
两次输入密码不一致
注册
抱歉，您还没有登录!
登录
注册
格式验证错误
注册
抱歉，您还没有登录!
登录
注册
登录
注册成功
抱歉，您还没有登录!
登录
抱歉，您还没有登录!
登录
登录
登录成功
发布
文章发表成功!
发布
文章发表成功!
发布
抱歉，您还没有登录!
登录
文章发表成功!
发布
文章发表成功!
发布
文章发表成功!
发布
抱歉，您还没有登录!
登录
文章发表成功!
发布
注册
抱歉，您还没有登录!
登录
注册
查看笔记
发布
退出
登录
退出
登录
抱歉，您还没有登录!
登录
抱歉，您还没有登录!
登录
注册
抱歉，您还没有登录!
登录
用户不存在
登录
密码不能为空
注册
注册
注册
登录
两次输入密码不一致
注册
注册成功
抱歉，您还没有登录!
登录
格式验证错误
注册
登录成功
发布
登录
注册
格式验证错误
注册
格式验证错误
注册
登录
用户不存在
登录
抱歉，您还没有登录!
登录
抱歉，您还没有登录!
登录
登录成功
抱歉，您还没有登录!
登录
登录
抱歉，您还没有登录!
登录
抱歉，您还没有登录!
登录
登录
抱歉，您还没有登录!
登录
抱歉，您还没有登录!
登录
注册
注册
格式验证错误
注册
登录
用户不存在
登录
用户不存在
登录
用户不存在
登录
登录成功
抱歉，您还没有登录!
登录
抱歉，您还没有登录!
登录
用户不存在
登录
登录成功
抱歉，您还没有登录!
登录
登录成功
抱歉，您还没有登录!
登录
登录
登录成功
抱歉，您还没有登录!
登录
抱歉，您还没有登录!
登录
登录成功
抱歉，您还没有登录!
登录
密码错误
登录
注册
格式验证错误
注册
注册
格式验证错误
注册
两次输入密码不一致
注册
两次输入密码不一致
注册
抱歉，您还没有登录!
登录
注册
注册
格式验证错误
注册
注册成功
抱歉，您还没有登录!
登录
登录成功
发布
文章发表成功!
抱歉，您还没有登录!
登录
抱歉，您还没有登录!
登录
注册
登录
抱歉，您还没有登录!
登录
登录成功
登录
抱歉，您还没有登录!
登录
app is running at port 3000
抱歉，您还没有登录!
登录
.css
.js
.css
.js
登录成功
.css
.css
.js
.js
抱歉，您还没有登录!
登录
.css
.css
.js
.js
登录成功
抱歉，您还没有登录!
登录
.css
.css
.js
.js
登录
.css
.js
.css
.js
true
true
true
true
true
true
抱歉，您还没有登录!
登录
.css
.css
.js
.js
登录成功
.css
.css
.js
.js
.js
.js
.css
.css
.css
.css
.js
.js
.css
.js
.js
.css
true
true
抱歉，您还没有登录!
登录
.js
.css
.css
抱歉，您还没有登录!
登录
.css
.js
true
true
true
true
true
true
true
抱歉，您还没有登录!
登录
.js
.css
.css
.js
true
登录成功
.css
.css
.js
.js
抱歉，您还没有登录!
登录
.css
.css
.js
.js
抱歉，您还没有登录!
登录
.js
.css
.css
.js
true
抱歉，您还没有登录!
登录
.js
.js
.css
.css
抱歉，您还没有登录!
登录
.css
.css
.js
.js
true
登录成功
.css
.css
.js
.js
发布
.css
.js
.js
.css
.css
.js
.js
.css
查看笔记
.css
.css
.js
.js
发布
.css
.js
.js
.css
查看笔记
.css
.js
.css
.js
发布
.js
.js
.css
.css
发布
.css
true
app is running at port 3000
抱歉，您还没有登录!
登录
抱歉，您还没有登录!
登录
抱歉，您还没有登录!
登录
抱歉，您还没有登录!
抱歉，您还没有登录!
抱歉，您还没有登录!
登录
抱歉，您还没有登录!
登录
抱歉，您还没有登录!
登录
抱歉，您还没有登录!
登录
抱歉，您还没有登录!
登录
抱歉，您还没有登录!
登录
抱歉，您还没有登录!
登录
注册
格式验证错误
注册
注册成功
抱歉，您还没有登录!
登录
登录成功
发布
文章发表成功!
查看笔记
抱歉，您还没有登录!
登录
登录
抱歉，您还没有登录!
登录
抱歉，您还没有登录!
抱歉，您还没有登录!
抱歉，您还没有登录!
抱歉，您还没有登录!
登录
抱歉，您还没有登录!
登录
抱歉，您还没有登录!
登录
登录
登录
抱歉，您还没有登录!
登录
登录
登录
登录成功
